[debug] [2020-12-28T08:05:28.179Z] ----------------------------------------------------------------------
[debug] [2020-12-28T08:05:28.181Z] Command:       C:\Program Files\nodejs\node.exe C:\Users\dell\AppData\Roaming\npm\node_modules\firebase-tools\lib\bin\firebase.js init
[debug] [2020-12-28T08:05:28.181Z] CLI Version:   9.1.0
[debug] [2020-12-28T08:05:28.181Z] Platform:      win32
[debug] [2020-12-28T08:05:28.181Z] Node Version:  v14.15.0
[debug] [2020-12-28T08:05:28.182Z] Time:          Mon Dec 28 2020 13:50:28 GMT+0545 (Nepal Time)
[debug] [2020-12-28T08:05:28.182Z] ----------------------------------------------------------------------
[debug] [2020-12-28T08:05:28.182Z] 
[debug] [2020-12-28T08:05:28.187Z] > command requires scopes: ["email","openid","https://www.googleapis.com/auth/cloudplatformprojects.readonly","https://www.googleapis.com/auth/firebase","https://www.googleapis.com/auth/cloud-platform"]
[debug] [2020-12-28T08:05:28.187Z] > authorizing via signed-in user
[info] 
     ######## #### ########  ######## ########     ###     ######  ########
     ##        ##  ##     ## ##       ##     ##  ##   ##  ##       ##
     ######    ##  ########  ######   ########  #########  ######  ######
     ##        ##  ##    ##  ##       ##     ## ##     ##       ## ##
     ##       #### ##     ## ######## ########  ##     ##  ######  ########

You're about to initialize a Firebase project in this directory:

  D:\js p\NetflixClone\netflix-clone

[info] 
=== Project Setup
[info] 
[info] First, let's associate this project directory with a Firebase project.
[info] You can create multiple project aliases by running firebase use --add, 
[info] but for now we'll just set up a default project.
[info] 
[debug] [2020-12-28T08:06:07.612Z] > refreshing access token with scopes: ["email","https://www.googleapis.com/auth/cloud-platform","https://www.googleapis.com/auth/cloudplatformprojects.readonly","https://www.googleapis.com/auth/firebase","openid"]
[debug] [2020-12-28T08:06:07.612Z] >>> HTTP REQUEST POST https://www.googleapis.com/oauth2/v3/token  
 <request body omitted>
[debug] [2020-12-28T08:06:11.473Z] <<< HTTP RESPONSE 200 {"cache-control":"no-cache, no-store, max-age=0, must-revalidate","pragma":"no-cache","expires":"Mon, 01 Jan 1990 00:00:00 GMT","date":"Mon, 28 Dec 2020 08:06:08 GMT","content-type":"application/json; charset=utf-8","vary":"X-Origin, Referer, Origin,Accept-Encoding","server":"scaffolding on HTTPServer2","x-xss-protection":"0","x-frame-options":"SAMEORIGIN","x-content-type-options":"nosniff","alt-svc":"h3-29=\":443\"; ma=2592000,h3-T051=\":443\"; ma=2592000,h3-Q050=\":443\"; ma=2592000,h3-Q046=\":443\"; ma=2592000,h3-Q043=\":443\"; ma=2592000,quic=\":443\"; ma=2592000; v=\"46,43\"","accept-ranges":"none","transfer-encoding":"chunked"}
[debug] [2020-12-28T08:06:11.492Z] >>> HTTP REQUEST GET https://firebase.googleapis.com/v1beta1/projects?pageSize=100  
 
[debug] [2020-12-28T08:06:12.573Z] <<< HTTP RESPONSE 200 {"content-type":"application/json; charset=UTF-8","vary":"X-Origin, Referer, Origin,Accept-Encoding","date":"Mon, 28 Dec 2020 08:06:11 GMT","server":"ESF","cache-control":"private","x-xss-protection":"0","x-frame-options":"SAMEORIGIN","x-content-type-options":"nosniff","alt-svc":"h3-29=\":443\"; ma=2592000,h3-T051=\":443\"; ma=2592000,h3-Q050=\":443\"; ma=2592000,h3-Q046=\":443\"; ma=2592000,h3-Q043=\":443\"; ma=2592000,quic=\":443\"; ma=2592000; v=\"46,43\"","accept-ranges":"none","transfer-encoding":"chunked"}
[info] i  Using project netflix-clone-25407 (Netflix-Clone) 
[info] 
=== Hosting Setup
[info] 
[info] Your public directory is the folder (relative to your project directory) that
[info] will contain Hosting assets to be uploaded with firebase deploy. If you
[info] have a build process for your assets, use your build's output directory.
[info] 
[debug] [2020-12-28T08:08:04.529Z] >>> [apiv2][query] GET https://www.gstatic.com/firebasejs/releases.json [none]
[debug] [2020-12-28T08:08:04.950Z] <<< [apiv2][status] GET https://www.gstatic.com/firebasejs/releases.json 200
[debug] [2020-12-28T08:08:04.950Z] <<< [apiv2][body] GET https://www.gstatic.com/firebasejs/releases.json {"current":{"version":"8.2.1","browserURL":"https://www.gstatic.com/firebasejs/8.2.1/firebase.js","packageURL":"https://www.gstatic.com/firebasejs/8.2.1/firebase.tgz"},"live":{"version":"8.2","browserURL":"https://www.gstatic.com/firebasejs/live/8.2/firebase.js","packageURL":"https://www.gstatic.com/firebasejs/live/8.2/firebase.tgz"},"components":{"analytics":"https://www.gstatic.com/firebasejs/8.2.1/firebase-analytics.js","app":"https://www.gstatic.com/firebasejs/8.2.1/firebase-app.js","auth":"https://www.gstatic.com/firebasejs/8.2.1/firebase-auth.js","database":"https://www.gstatic.com/firebasejs/8.2.1/firebase-database.js","firestore":"https://www.gstatic.com/firebasejs/8.2.1/firebase-firestore.js","functions":"https://www.gstatic.com/firebasejs/8.2.1/firebase-functions.js","installations":"https://www.gstatic.com/firebasejs/8.2.1/firebase-installations.js","messaging":"https://www.gstatic.com/firebasejs/8.2.1/firebase-messaging.js","storage":"https://www.gstatic.com/firebasejs/8.2.1/firebase-storage.js","performance":"https://www.gstatic.com/firebasejs/8.2.1/firebase-performance.js","remote-config":"https://www.gstatic.com/firebasejs/8.2.1/firebase-remote-config.js","firestore.memory":"https://www.gstatic.com/firebasejs/8.2.1/firebase-firestore.memory.js"}}
[info] i  Skipping write of public/index.html 
[info] 
[info] i  Detected a .git folder at D:\js p\NetflixClone\netflix-clone 
[info] i  Authorizing with GitHub to upload your service account to a GitHub repository's secrets store. 
[info] 
[info] Visit this URL on this device to log in:
[info] https://github.com/login/oauth/authorize?client_id=89cf50f02ac6aaed3484&state=747513267&redirect_uri=http%3A%2F%2Flocalhost%3A9005&scope=read%3Auser%20repo%20public_repo
[info] 
[info] Waiting for authentication...
[debug] [2020-12-28T08:08:15.023Z] >>> HTTP REQUEST POST https://github.com/login/oauth/access_token  
 {"client_id":"89cf50f02ac6aaed3484","client_secret":"3330d14abc895d9a74d5f17cd7a00711fa2c5bf0","code":"e5921099a366479dbe47","redirect_uri":"http://localhost:9005","state":"747513267"}
[debug] [2020-12-28T08:08:15.741Z] <<< HTTP RESPONSE 200 {"date":"Mon, 28 Dec 2020 08:08:15 GMT","content-type":"application/json; charset=utf-8","transfer-encoding":"chunked","server":"GitHub.com","status":"200 OK","vary":"X-PJAX, Accept-Encoding, Accept, X-Requested-With, Accept-Encoding","etag":"W/\"877b1f12d12c25b035d1bd1cc0e5cd68\"","cache-control":"max-age=0, private, must-revalidate","strict-transport-security":"max-age=31536000; includeSubdomains; preload","x-frame-options":"deny","x-content-type-options":"nosniff","x-xss-protection":"1; mode=block","referrer-policy":"origin-when-cross-origin, strict-origin-when-cross-origin","expect-ct":"max-age=2592000, report-uri=\"https://api.github.com/_private/browser/errors\"","content-security-policy":"default-src 'none'; base-uri 'self'; block-all-mixed-content; connect-src 'self' uploads.github.com www.githubstatus.com collector.githubapp.com api.github.com github-cloud.s3.amazonaws.com github-production-repository-file-5c1aeb.s3.amazonaws.com github-production-upload-manifest-file-7fdce7.s3.amazonaws.com github-production-user-asset-6210df.s3.amazonaws.com cdn.optimizely.com logx.optimizely.com/v1/events wss://alive.github.com; font-src github.githubassets.com; form-action 'self' github.com gist.github.com; frame-ancestors 'none'; frame-src render.githubusercontent.com; img-src 'self' data: github.githubassets.com identicons.github.com collector.githubapp.com github-cloud.s3.amazonaws.com *.githubusercontent.com; manifest-src 'self'; media-src 'none'; script-src github.githubassets.com; style-src 'unsafe-inline' github.githubassets.com; worker-src github.com/socket-worker-5029ae85.js gist.github.com/socket-worker-5029ae85.js","x-github-request-id":"A9E5:13F8:B727E3:F2E8A8:5FE9926E"}
[debug] [2020-12-28T08:08:15.742Z] >>> [apiv2][query] GET https://api.github.com/user [none]
[debug] [2020-12-28T08:08:16.524Z] <<< [apiv2][status] GET https://api.github.com/user 200
[debug] [2020-12-28T08:08:16.525Z] <<< [apiv2][body] GET https://api.github.com/user {"login":"gaire56","id":40603802,"node_id":"MDQ6VXNlcjQwNjAzODAy","avatar_url":"https://avatars0.githubusercontent.com/u/40603802?v=4","gravatar_id":"","url":"https://api.github.com/users/gaire56","html_url":"https://github.com/gaire56","followers_url":"https://api.github.com/users/gaire56/followers","following_url":"https://api.github.com/users/gaire56/following{/other_user}","gists_url":"https://api.github.com/users/gaire56/gists{/gist_id}","starred_url":"https://api.github.com/users/gaire56/starred{/owner}{/repo}","subscriptions_url":"https://api.github.com/users/gaire56/subscriptions","organizations_url":"https://api.github.com/users/gaire56/orgs","repos_url":"https://api.github.com/users/gaire56/repos","events_url":"https://api.github.com/users/gaire56/events{/privacy}","received_events_url":"https://api.github.com/users/gaire56/received_events","type":"User","site_admin":false,"name":null,"company":null,"blog":"","location":null,"email":null,"hireable":true,"bio":null,"twitter_username":null,"public_repos":8,"public_gists":0,"followers":0,"following":1,"created_at":"2018-06-26T14:10:00Z","updated_at":"2020-12-25T15:32:03Z","private_gists":0,"total_private_repos":7,"owned_private_repos":7,"disk_usage":35553,"collaborators":0,"two_factor_authentication":false,"plan":{"name":"free","space":976562499,"collaborators":0,"private_repos":10000}}
[info] 
[info] +  Success! Logged into GitHub as gaire56 
[info] 
[debug] [2020-12-28T08:10:15.602Z] >>> [apiv2][query] GET https://api.github.com/repos/git@github.com:gaire56/Netflix-clone.git/actions/secrets/public-key type=owner
[debug] [2020-12-28T08:10:18.741Z] >>> [apiv2][query] GET https://api.github.com/repos//actions/secrets/public-key type=owner
[debug] [2020-12-28T08:10:20.168Z] <<< [apiv2][status] GET https://api.github.com/repos//actions/secrets/public-key 404
[debug] [2020-12-28T08:10:20.168Z] <<< [apiv2][body] GET https://api.github.com/repos//actions/secrets/public-key {"message":"Not Found","documentation_url":"https://docs.github.com/rest"}
[debug] [2020-12-28T08:10:20.180Z] <<< [apiv2][status] GET https://api.github.com/repos/git@github.com:gaire56/Netflix-clone.git/actions/secrets/public-key 404
[debug] [2020-12-28T08:10:20.181Z] <<< [apiv2][body] GET https://api.github.com/repos/git@github.com:gaire56/Netflix-clone.git/actions/secrets/public-key {"message":"Not Found","documentation_url":"https://docs.github.com/rest/reference/actions#get-a-repository-public-key"}
[debug] [2020-12-28T08:11:06.996Z] >>> [apiv2][query] GET https://api.github.com/repos/gaire56/Netflix-clone.git/actions/secrets/public-key type=owner
[debug] [2020-12-28T08:11:07.932Z] <<< [apiv2][status] GET https://api.github.com/repos/gaire56/Netflix-clone.git/actions/secrets/public-key 404
[debug] [2020-12-28T08:11:07.932Z] <<< [apiv2][body] GET https://api.github.com/repos/gaire56/Netflix-clone.git/actions/secrets/public-key {"message":"Not Found","documentation_url":"https://docs.github.com/rest/reference/actions#get-a-repository-public-key"}
[debug] [2020-12-28T08:11:31.308Z] >>> [apiv2][query] GET https://api.github.com/repos//Netflix-clone.git/actions/secrets/public-key type=owner
[debug] [2020-12-28T08:11:32.744Z] <<< [apiv2][status] GET https://api.github.com/repos//Netflix-clone.git/actions/secrets/public-key 404
[debug] [2020-12-28T08:11:32.744Z] <<< [apiv2][body] GET https://api.github.com/repos//Netflix-clone.git/actions/secrets/public-key {"message":"Not Found","documentation_url":"https://docs.github.com/rest"}
[debug] [2020-12-28T08:11:43.758Z] >>> [apiv2][query] GET https://api.github.com/repos/Netflix-clone.git/actions/secrets/public-key type=owner
[debug] [2020-12-28T08:11:45.139Z] <<< [apiv2][status] GET https://api.github.com/repos/Netflix-clone.git/actions/secrets/public-key 404
[debug] [2020-12-28T08:11:45.139Z] <<< [apiv2][body] GET https://api.github.com/repos/Netflix-clone.git/actions/secrets/public-key {"message":"Not Found","documentation_url":"https://docs.github.com/rest"}
